[03:14:28] [ServerMain/ERROR]: Failed to load properties from file: server.properties
java.nio.file.NoSuchFileException: server.properties
	at sun.nio.fs.UnixException.translateToIOException(UnixException.java:92) ~[?:?]
	at sun.nio.fs.UnixException.rethrowAsIOException(UnixException.java:106) ~[?:?]
	at sun.nio.fs.UnixException.rethrowAsIOException(UnixException.java:111) ~[?:?]
	at sun.nio.fs.UnixFileSystemProvider.newByteChannel(UnixFileSystemProvider.java:218) ~[?:?]
	at java.nio.file.Files.newByteChannel(Files.java:380) ~[?:?]
	at java.nio.file.Files.newByteChannel(Files.java:432) ~[?:?]
	at java.nio.file.spi.FileSystemProvider.newInputStream(FileSystemProvider.java:422) ~[?:?]
	at java.nio.file.Files.newInputStream(Files.java:160) ~[?:?]
	at ahi.b(SourceFile:62) ~[server-1.20.1.jar:?]
	at ahf.a(SourceFile:137) ~[server-1.20.1.jar:?]
	at ahg.<init>(SourceFile:12) ~[server-1.20.1.jar:?]
	at net.minecraft.server.Main.main(SourceFile:115) ~[server-1.20.1.jar:?]
	at net.minecraft.bundler.Main.lambda$run$0(Main.java:54) ~[?:?]
	at java.lang.Thread.run(Thread.java:840) ~[?:?]
[03:14:28] [ServerMain/INFO]: Environment: authHost='https://authserver.mojang.com', accountsHost='https://api.mojang.com', sessionHost='https://sessionserver.mojang.com', servicesHost='https://api.minecraftservices.com', name='PROD'
[03:14:30] [ServerMain/INFO]: Loaded 7 recipes
[03:14:30] [ServerMain/INFO]: Loaded 1271 advancements
[03:14:30] [Server thread/INFO]: Starting minecraft server version 1.20.1
[03:14:30] [Server thread/INFO]: Loading properties
[03:14:30] [Server thread/INFO]: Default game type: SURVIVAL
[03:14:30] [Server thread/INFO]: Generating keypair
[03:14:30] [Server thread/INFO]: Starting Minecraft server on *:25565
[03:14:30] [Server thread/INFO]: Using epoll channel type
[03:14:30] [Server thread/INFO]: Preparing level "world"
[03:14:36] [Server thread/INFO]: Preparing start region for dimension minecraft:overworld
[03:14:37] [Worker-Main-1/INFO]: Preparing spawn area: 0%
[03:14:37] [Worker-Main-2/INFO]: Preparing spawn area: 0%
[03:14:37] [Worker-Main-3/INFO]: Preparing spawn area: 0%
[03:14:37] [Worker-Main-3/INFO]: Preparing spawn area: 0%
[03:14:38] [Worker-Main-3/INFO]: Preparing spawn area: 0%
[03:14:38] [Worker-Main-2/INFO]: Preparing spawn area: 1%
[03:14:39] [Worker-Main-3/INFO]: Preparing spawn area: 1%
[03:14:39] [Worker-Main-2/INFO]: Preparing spawn area: 2%
[03:14:40] [Worker-Main-1/INFO]: Preparing spawn area: 4%
[03:14:40] [Worker-Main-2/INFO]: Preparing spawn area: 4%
[03:14:41] [Worker-Main-2/INFO]: Preparing spawn area: 5%
[03:14:41] [Worker-Main-3/INFO]: Preparing spawn area: 7%
[03:14:42] [Worker-Main-3/INFO]: Preparing spawn area: 9%
[03:14:42] [Worker-Main-2/INFO]: Preparing spawn area: 10%
[03:14:43] [Worker-Main-1/INFO]: Preparing spawn area: 12%
[03:14:43] [Worker-Main-3/INFO]: Preparing spawn area: 15%
[03:14:44] [Worker-Main-2/INFO]: Preparing spawn area: 15%
[03:14:44] [Worker-Main-3/INFO]: Preparing spawn area: 17%
[03:14:45] [Worker-Main-2/INFO]: Preparing spawn area: 20%
[03:14:45] [Worker-Main-2/INFO]: Preparing spawn area: 22%
[03:14:46] [Worker-Main-2/INFO]: Preparing spawn area: 23%
[03:14:46] [Worker-Main-3/INFO]: Preparing spawn area: 26%
[03:14:47] [Worker-Main-1/INFO]: Preparing spawn area: 29%
[03:14:47] [Worker-Main-2/INFO]: Preparing spawn area: 31%
[03:14:48] [Worker-Main-3/INFO]: Preparing spawn area: 32%
[03:14:48] [Worker-Main-1/INFO]: Preparing spawn area: 34%
[03:14:49] [Worker-Main-3/INFO]: Preparing spawn area: 37%
[03:14:49] [Worker-Main-1/INFO]: Preparing spawn area: 41%
[03:14:50] [Worker-Main-2/INFO]: Preparing spawn area: 42%
[03:14:50] [Worker-Main-3/INFO]: Preparing spawn area: 44%
[03:14:51] [Worker-Main-2/INFO]: Preparing spawn area: 47%
[03:14:51] [Worker-Main-2/INFO]: Preparing spawn area: 50%
[03:14:52] [Worker-Main-1/INFO]: Preparing spawn area: 54%
[03:14:52] [Worker-Main-2/INFO]: Preparing spawn area: 56%
[03:14:53] [Worker-Main-1/INFO]: Preparing spawn area: 59%
[03:14:53] [Worker-Main-2/INFO]: Preparing spawn area: 63%
[03:14:54] [Worker-Main-1/INFO]: Preparing spawn area: 66%
[03:14:54] [Worker-Main-2/INFO]: Preparing spawn area: 69%
[03:14:55] [Worker-Main-2/INFO]: Preparing spawn area: 72%
[03:14:55] [Worker-Main-1/INFO]: Preparing spawn area: 74%
[03:14:56] [Worker-Main-2/INFO]: Preparing spawn area: 78%
[03:14:56] [Worker-Main-3/INFO]: Preparing spawn area: 82%
[03:14:57] [Worker-Main-3/INFO]: Preparing spawn area: 84%
[03:14:57] [Worker-Main-2/INFO]: Preparing spawn area: 87%
[03:14:58] [Worker-Main-2/INFO]: Preparing spawn area: 90%
[03:14:58] [Worker-Main-2/INFO]: Preparing spawn area: 93%
[03:14:59] [Worker-Main-1/INFO]: Preparing spawn area: 97%
[03:14:59] [Server thread/INFO]: Time elapsed: 23284 ms
[03:14:59] [Server thread/INFO]: Done (28.717s)! For help, type "help"
[03:15:29] [Server thread/INFO]: Stopping the server
[03:15:29] [Server thread/INFO]: Stopping server
[03:15:29] [Server thread/INFO]: Saving players
[03:15:29] [Server thread/INFO]: Saving worlds
[03:15:30] [Server thread/INFO]: Saving chunks for level 'ServerLevel[world]'/minecraft:overworld
[03:15:32] [Server thread/INFO]: Saving chunks for level 'ServerLevel[world]'/minecraft:the_end
[03:15:32] [Server thread/INFO]: Saving chunks for level 'ServerLevel[world]'/minecraft:the_nether
[03:15:32] [Server thread/INFO]: ThreadedAnvilChunkStorage (world): All chunks are saved
[03:15:32] [Server thread/INFO]: ThreadedAnvilChunkStorage (DIM1): All chunks are saved
[03:15:32] [Server thread/INFO]: ThreadedAnvilChunkStorage (DIM-1): All chunks are saved
[03:15:32] [Server thread/INFO]: ThreadedAnvilChunkStorage: All dimensions are saved
